<?xml version="1.0" encoding="UTF-8"?>
<testng-results ignored="0" total="1" passed="1" failed="0" skipped="0">
  <reporter-output>
  </reporter-output>
  <suite started-at="2024-10-29T08:20:21 IST" name="Suite" finished-at="2024-10-29T08:20:30 IST" duration-ms="8845">
    <groups>
    </groups>
    <test started-at="2024-10-29T08:20:21 IST" name="Test" finished-at="2024-10-29T08:20:30 IST" duration-ms="8845">
      <class name="com.vcentry.testcase.LoginTest">
        <test-method is-config="true" signature="beforeSuite()[pri:0, instance:com.vcentry.testcase.LoginTest@4cc547a]" started-at="2024-10-29T08:20:21 IST" name="beforeSuite" finished-at="2024-10-29T08:20:21 IST" duration-ms="265" status="PASS">
          <reporter-output>
          </reporter-output>
        </test-method> <!-- beforeSuite -->
        <test-method is-config="true" signature="initilize()[pri:0, instance:com.vcentry.testcase.LoginTest@4cc547a]" started-at="2024-10-29T08:20:21 IST" name="initilize" finished-at="2024-10-29T08:20:25 IST" duration-ms="4038" status="PASS">
          <reporter-output>
          </reporter-output>
        </test-method> <!-- initilize -->
        <test-method is-config="true" signature="launchUrl()[pri:0, instance:com.vcentry.testcase.LoginTest@4cc547a]" started-at="2024-10-29T08:20:26 IST" name="launchUrl" finished-at="2024-10-29T08:20:28 IST" duration-ms="2004" status="PASS">
          <reporter-output>
          </reporter-output>
        </test-method> <!-- launchUrl -->
        <test-method signature="LoginWithValidCredentials(java.lang.String,java.lang.String,java.lang.String)[pri:0, instance:com.vcentry.testcase.LoginTest@4cc547a]" started-at="2024-10-29T08:20:28 IST" name="LoginWithValidCredentials" data-provider="ValidLogin" finished-at="2024-10-29T08:20:30 IST" duration-ms="1471" status="PASS">
          <params>
            <param index="0">
              <value>
                <![CDATA[sutharsan]]>
              </value>
            </param>
            <param index="1">
              <value>
                <![CDATA[Selenium]]>
              </value>
            </param>
            <param index="2">
              <value>
                <![CDATA[sutharsan]]>
              </value>
            </param>
          </params>
          <reporter-output>
          </reporter-output>
        </test-method> <!-- LoginWithValidCredentials -->
        <test-method is-config="true" signature="afterTest()[pri:0, instance:com.vcentry.testcase.LoginTest@4cc547a]" started-at="2024-10-29T08:20:30 IST" name="afterTest" finished-at="2024-10-29T08:20:30 IST" duration-ms="336" status="PASS">
          <reporter-output>
          </reporter-output>
        </test-method> <!-- afterTest -->
      </class> <!-- com.vcentry.testcase.LoginTest -->
    </test> <!-- Test -->
  </suite> <!-- Suite -->
</testng-results>
